2025-01-10T03:43:45.236590400 | Added book: hoob (ID: 23)
2025-01-10T03:44:34.086177200 | User ID: 1 borrowed book ID: 23
2025-01-10T03:44:45.988514 | User ID: 1 returned book ID: 23
2025-01-10T03:45:01.960202800 | User ID: 16 borrowed book ID: 23
2025-01-10T03:45:16.682563600 | User ID: 16 returned book ID: 23
2025-01-10T15:55:00.811564500 | Added book: لأنك الله (ID: 1)
2025-01-10T15:55:23.743758100 | User ID: 1 borrowed book ID: 1
2025-01-10T16:08:30.678368200 | Added book: لأتك الله (ID: 1)
2025-01-10T16:09:00.537912900 | Added book: sacsaca (ID: 1)
2025-01-10T16:10:23.914876100 | Added book: ee (ID: 1)
2025-01-10T16:13:27.061741500 | User ID: 1 borrowed book ID: 1
2025-01-10T16:45:48.322322500 | Added book: سيرة (ID: 1)
2025-01-10T16:46:07.088280100 | User ID: 1 borrowed book ID: 1
2025-01-10T16:50:57.876208100 | User ID: 1 returned book ID: 1
2025-01-10T17:00:28.210613600 | Added book: لأنك الله (ID: 7)
2025-01-10T17:00:54.553282300 | User ID: 23 borrowed book ID: 7
2025-01-10T17:01:16.889876700 | User ID: 21 borrowed book ID: 1
2025-01-10T17:07:45.450909100 | User ID: 1 returned book ID: 1
2025-01-10T17:09:50.952236300 | User ID: 23 returned book ID: 7
2025-01-10T17:26:43.010819900 | Added book: لأنك الله (ID: 1)
2025-01-10T17:26:57.504982900 | User ID: 1 borrowed book ID: 1
2025-01-10T17:27:10.056777900 | User ID: 1 returned book ID: 1
2025-01-10T17:27:19.994309200 | User ID: 2 borrowed book ID: 1
2025-01-12T10:47:12.434774 | Added book: frscad (ID: 1)
2025-01-12T10:47:24.717177300 | Removed book with ID: 1
2025-01-13T00:41:21.178996800 | Added book: nice (ID: 1)
2025-01-13T00:41:28.767516700 | User ID: 1 borrowed book ID: 1
2025-01-13T00:41:39.653294100 | User ID: 1 returned book ID: 1
2025-01-13T01:31:24.098049400 | Added book: kjjfe (ID: 1)
2025-01-13T01:33:40.651155900 | Removed book with ID: 1
2025-01-13T01:34:01.125272800 | Added book: nice (ID: 2)
2025-01-13T01:34:09.116252800 | Added book: look (ID: 3)
2025-01-13T01:34:17.004043400 | Added book: lion (ID: 4)
2025-01-13T02:03:48.226938800 | Added book: lion (ID: 1)
2025-01-13T02:03:58.682410800 | Added book: flower (ID: 2)
2025-01-13T02:04:08.364985100 | Added book: nice (ID: 3)
2025-01-13T02:04:19.164416700 | Added book: look screen (ID: 4)
2025-01-13T02:04:29.955041700 | User ID: 1 borrowed book ID: 4
2025-01-13T02:04:44.418855400 | User ID: 1 returned book ID: 4
2025-01-14T09:01:07.486825800 | Added book: nice (ID: 452)
2025-01-14T09:02:59.066711200 | User ID: 202 borrowed book ID: 404
2025-01-14T09:03:29.853316700 | User ID: 202 returned book ID: 404
2025-01-14T09:03:44.257746500 | Removed book with ID: 405
2025-01-14T09:03:59.483667900 | Removed book with ID: 452
2025-01-14T09:04:11.566420300 | Added book: deen (ID: 502)
2025-01-18T20:57:34.592461900 | Added book: adam (ID: 552)
2025-01-18T20:57:58.256529400 | User ID: 202 borrowed book ID: 552
2025-01-18T20:58:13.923219100 | User ID: 202 returned book ID: 552
2025-01-19T13:30:10.914902900 | Added book: nice world (ID: 802)
2025-01-21T10:00:52.131013600 | Added book: nice world (ID: 1202)
2025-01-21T10:01:36.342840400 | User ID: 1152 borrowed book ID: 1202
2025-01-21T10:02:27.235284400 | User ID: 1152 returned book ID: 1202
2025-01-21T14:12:47.842338900 | Added book: nice (ID: 1402)
2025-01-21T14:13:13.283988800 | User ID: 1352 borrowed book ID: 1402
